<?xml version="1.0" encoding="UTF-8"?>
<!-- Generated by org.testng.reporters.JUnitReportReporter -->
<testsuite hostname="barath" failures="0" tests="3" name="com.actitime.generic.TaskModule" time="0.006" errors="0" timestamp="2023-04-25T17:46:33 IST" skipped="0">
  <testcase classname="com.actitime.generic.TaskModule" name="createTask" time="0.002"/>
  <system-out>
    <![CDATA[createTask]]>
  </system-out>
  <testcase classname="com.actitime.generic.TaskModule" name="modifyTask" time="0.002"/>
  <system-out>
    <![CDATA[modifyTask]]>
  </system-out>
  <testcase classname="com.actitime.generic.TaskModule" name="deleteTask" time="0.002"/>
  <system-out>
    <![CDATA[deleteTask]]>
  </system-out>
</testsuite> <!-- com.actitime.generic.TaskModule -->
