<?xml version="1.0" encoding="UTF-8"?>
<!-- Generated by org.testng.reporters.JUnitReportReporter -->
<testsuite hostname="barath" failures="0" tests="1" name="com.actitime.testscript.DemoScreenShot" time="4.719" errors="0" timestamp="2023-05-05T17:31:53 IST" skipped="0">
  <testcase classname="com.actitime.testscript.DemoScreenShot" name="Screenshot" time="4.719"/>
  <system-out/>
</testsuite> <!-- com.actitime.testscript.DemoScreenShot -->
