<?xml version="1.0" encoding="UTF-8"?>
<!-- Generated by org.testng.reporters.JUnitReportReporter -->
<testsuite hostname="barath" failures="0" tests="3" name="com.actitime.generic.Testng" time="0.002" errors="0" timestamp="2023-04-25T17:46:33 IST" skipped="0">
  <testcase classname="com.actitime.generic.Testng" name="demo1" time="0.001"/>
  <system-out>
    <![CDATA[hai]]>
  </system-out>
  <testcase classname="com.actitime.generic.Testng" name="demo2" time="0.001"/>
  <system-out>
    <![CDATA[bye]]>
  </system-out>
  <testcase classname="com.actitime.generic.Testng" name="demo" time="0.000"/>
  <system-out>
    <![CDATA[welcome]]>
  </system-out>
</testsuite> <!-- com.actitime.generic.Testng -->
