<?xml version="1.0" encoding="UTF-8"?>
<!-- Generated by org.testng.reporters.JUnitReportReporter -->
<testsuite hostname="barath" failures="0" tests="1" name="com.actitime.generic.DemoTestNg" time="0.000" errors="0" timestamp="2023-04-25T17:46:33 IST" skipped="0">
  <testcase classname="com.actitime.generic.DemoTestNg" name="demo" time="0.000"/>
  <system-out>
    <![CDATA[welcome]]>
  </system-out>
</testsuite> <!-- com.actitime.generic.DemoTestNg -->
