<?xml version="1.0" encoding="UTF-8"?>
<!-- Generated by org.testng.reporters.JUnitReportReporter -->
<testsuite hostname="barath" failures="0" tests="5" name="com.actitime.generic.Invocationcount" time="0.014" errors="0" timestamp="2023-04-25T17:46:33 IST" skipped="0">
  <testcase classname="com.actitime.generic.Invocationcount" name="demo" time="0.007"/>
  <system-out>
    <![CDATA[welcome]]>
  </system-out>
  <testcase classname="com.actitime.generic.Invocationcount" name="demo" time="0.002"/>
  <system-out>
    <![CDATA[welcome]]>
  </system-out>
  <testcase classname="com.actitime.generic.Invocationcount" name="demo" time="0.001"/>
  <system-out>
    <![CDATA[welcome]]>
  </system-out>
  <testcase classname="com.actitime.generic.Invocationcount" name="demo" time="0.002"/>
  <system-out>
    <![CDATA[welcome]]>
  </system-out>
  <testcase classname="com.actitime.generic.Invocationcount" name="demo" time="0.002"/>
  <system-out>
    <![CDATA[welcome]]>
  </system-out>
</testsuite> <!-- com.actitime.generic.Invocationcount -->
