<?xml version="1.0" encoding="UTF-8"?>
<!-- Generated by org.testng.reporters.JUnitReportReporter -->
<testsuite hostname="barath" failures="0" tests="1" name="qsp.DemoAssertion" time="5.409" errors="0" timestamp="2023-04-27T12:33:38 IST" skipped="0">
  <testcase classname="qsp.DemoAssertion" name="verifyTitle" time="5.409"/>
  <system-out/>
</testsuite> <!-- qsp.DemoAssertion -->
