<?xml version="1.0" encoding="UTF-8"?>
<!-- Generated by org.testng.reporters.JUnitReportReporter -->
<testsuite hostname="barath" failures="0" tests="3" name="com.actitime.generic.DependsOnMethods" time="0.002" errors="0" timestamp="2023-04-25T17:46:33 IST" skipped="0">
  <testcase classname="com.actitime.generic.DependsOnMethods" name="deleteCustomer" time="0.001"/>
  <system-out>
    <![CDATA[its deleting and dependent]]>
  </system-out>
  <testcase classname="com.actitime.generic.DependsOnMethods" name="createCustomer" time="0.001"/>
  <system-out>
    <![CDATA[its creating and independent]]>
  </system-out>
  <testcase classname="com.actitime.generic.DependsOnMethods" name="modifyCustomer" time="0.000"/>
  <system-out>
    <![CDATA[its modifying and dependent]]>
  </system-out>
</testsuite> <!-- com.actitime.generic.DependsOnMethods -->
